<?xml version="1.0" encoding="UTF-8"?>
<testsuite xmlns:xsi="http://www.w3.org/2001/XMLSchema-instance" xsi:noNamespaceSchemaLocation="https://maven.apache.org/surefire/maven-surefire-plugin/xsd/surefire-test-report-3.0.xsd" version="3.0" name="TestSuite" time="3.886" tests="7" errors="0" skipped="5" failures="2">
  <properties>
[...]
</properties>
  <testcase name="before" classname="Academy.ValidationNavigationHeader" time="2.319">
    <failure type="java.lang.NullPointerException"><![CDATA[java.lang.NullPointerException
	at Academy.ValidationNavigationHeader.before(ValidationNavigationHeader.java:38)
]]></failure>
  </testcase>
  <testcase name="stringMatch" classname="Academy.ValidationNavigationHeader" time="0">
    <skipped/>
  </testcase>
  <testcase name="after" classname="Academy.ValidationNavigationHeader" time="0">
    <skipped/>
  </testcase>
  <testcase name="before" classname="Academy.base" time="2.321">
    <failure type="java.lang.NullPointerException"><![CDATA[java.lang.NullPointerException
	at Academy.base.before(base.java:26)
]]></failure>
  </testcase>
  <testcase name="basePage" classname="Academy.base" time="0">
    <skipped/>
  </testcase>
  <testcase name="basePage" classname="Academy.base" time="0">
    <skipped/>
  </testcase>
  <testcase name="after" classname="Academy.base" time="0">
    <skipped/>
  </testcase>
</testsuite>