<?xml version="1.0" encoding="UTF-8"?>
<!-- Generated by org.testng.reporters.JUnitXMLReporter -->
<testsuite ignored="4" hostname="R01-CE62302732" failures="0" tests="1" name="Default test" time="44.033" errors="0" timestamp="2020-07-18T17:36:16 IST">
  <testcase classname="com.crossover.e2e.UnDoTres" name="verifyHomePage" time="1.073"/>
  <testcase classname="com.crossover.e2e.UnDoTres" name="verifyPaymentPage" time="0.0">
    <ignored/>
  </testcase> <!-- verifyPaymentPage -->
  <testcase classname="com.crossover.e2e.UnDoTres" name="payment" time="0.0">
    <ignored/>
  </testcase> <!-- payment -->
  <testcase classname="com.crossover.e2e.UnDoTres" name="login" time="0.0">
    <ignored/>
  </testcase> <!-- login -->
  <testcase classname="com.crossover.e2e.UnDoTres" name="Recharge" time="0.0">
    <ignored/>
  </testcase> <!-- Recharge -->
</testsuite> <!-- Default test -->
