<?xml version="1.0" encoding="UTF-8"?>
<testng-results ignored="0" total="6" passed="6" failed="0" skipped="0">
  <reporter-output>
  </reporter-output>
  <suite started-at="2020-05-07T12:27:32 IST" name="Suite" finished-at="2020-05-07T12:27:58 IST" duration-ms="26463">
    <groups>
    </groups>
    <test started-at="2020-05-07T12:27:32 IST" name="Test" finished-at="2020-05-07T12:27:58 IST" duration-ms="26463">
      <class name="qaclickacademy.AppiumTest">
        <test-method signature="iosapp()[pri:0, instance:qaclickacademy.AppiumTest@13acb0d1]" started-at="2020-05-07T12:27:32 IST" name="iosapp" finished-at="2020-05-07T12:27:32 IST" duration-ms="1" status="PASS">
          <reporter-output>
          </reporter-output>
        </test-method> <!-- iosapp -->
        <test-method signature="nativeapp()[pri:0, instance:qaclickacademy.AppiumTest@13acb0d1]" started-at="2020-05-07T12:27:32 IST" name="nativeapp" finished-at="2020-05-07T12:27:32 IST" duration-ms="0" status="PASS">
          <reporter-output>
          </reporter-output>
        </test-method> <!-- nativeapp -->
      </class> <!-- qaclickacademy.AppiumTest -->
      <class name="qaclickacademy.RestapiTest">
        <test-method signature="deleteTwitter()[pri:0, instance:qaclickacademy.RestapiTest@3e3047e6]" started-at="2020-05-07T12:27:58 IST" name="deleteTwitter" finished-at="2020-05-07T12:27:58 IST" duration-ms="2" status="PASS">
          <reporter-output>
          </reporter-output>
        </test-method> <!-- deleteTwitter -->
        <test-method signature="postJira()[pri:0, instance:qaclickacademy.RestapiTest@3e3047e6]" started-at="2020-05-07T12:27:58 IST" name="postJira" finished-at="2020-05-07T12:27:58 IST" duration-ms="0" status="PASS">
          <reporter-output>
          </reporter-output>
        </test-method> <!-- postJira -->
      </class> <!-- qaclickacademy.RestapiTest -->
      <class name="qaclickacademy.SeleniumTest">
        <test-method is-config="true" signature="config()[pri:0, instance:qaclickacademy.SeleniumTest@b62fe6d]" started-at="2020-05-07T12:27:32 IST" name="config" finished-at="2020-05-07T12:27:32 IST" duration-ms="213" status="PASS">
          <reporter-output>
          </reporter-output>
        </test-method> <!-- config -->
        <test-method signature="Demo()[pri:0, instance:qaclickacademy.SeleniumTest@b62fe6d]" started-at="2020-05-07T12:27:32 IST" name="Demo" finished-at="2020-05-07T12:27:58 IST" duration-ms="26191" status="PASS">
          <reporter-output>
          </reporter-output>
        </test-method> <!-- Demo -->
        <test-method signature="element()[pri:0, instance:qaclickacademy.SeleniumTest@b62fe6d]" started-at="2020-05-07T12:27:58 IST" name="element" finished-at="2020-05-07T12:27:58 IST" duration-ms="1" status="PASS">
          <reporter-output>
          </reporter-output>
        </test-method> <!-- element -->
      </class> <!-- qaclickacademy.SeleniumTest -->
    </test> <!-- Test -->
  </suite> <!-- Suite -->
</testng-results>
