<html xmlns:math="http://exslt.org/math" xmlns:testng="http://testng.org">
   <head>
      <title>TestNG Results</title>
      <meta http-equiv="content-type" content="text/html; charset=utf-8"></meta>
      <meta http-equiv="pragma" content="no-cache"></meta>
      <meta http-equiv="cache-control" content="max-age=0"></meta>
      <meta http-equiv="cache-control" content="no-cache"></meta>
      <meta http-equiv="cache-control" content="no-store"></meta>
      <LINK rel="stylesheet" href="style.css"></LINK>
      <script type="text/javascript" src="main.js"></script>
   </head>
   <body>
      <table width="100%" style="font-size: 16px; margin-bottom: 10px;" cellspacing="1">
         <tr>
            <td width="100%">
               All methods in suite
               
               <b>Automatio Test</b>
            </td>
            <td style="background-color: #FFBBBB; padding: 3px 3px 3px 0;" align="center">
               <div style="width: 50px;">1</div>
            </td>
            <td style="background-color: lightgreen; padding: 3px 3px 3px 0;" align="center">
               <div style="width: 50px;">1</div>
            </td>
            <td style="background-color: #FFFFBB; padding: 3px 3px 3px 0;" align="center">
               <div style="width: 50px;">0</div>
            </td>
            <td align="center" style="background-color: #eaf0f7; padding: 3px 3px 3px 0;">
               <div style="width: 50px;">2</div>
            </td>
            <td align="center"
                style="font-weight: bold; background-color: #eaf0f7; padding: 3px 3px 3px 0;">
               <div style="width: 50px;">50%</div>
            </td>
            <td style="background-color: #eaf0f7; padding: 3px 3px 3px 0;" align="center"
                nowrap="true">3s
               
            </td>
         </tr>
      </table>
      <div style="width: 200px;">
         <label for="groupMethodsCheckBox" style="font-weight: bold; margin: 0;">
            <input id="groupMethodsCheckBox" type="checkbox" onclick="switchTestMethodsView(this)"></input>
            Group by class
            
         </label>
         <br></br>
         <label for="methodsFilter_ALL" style="font-weight: bold; margin: 0;">
            <input id="methodsFilter_ALL" type="checkbox"
                   onclick="testMethodsFilterChanged(this, 'ALL')"></input>
            All
            
         </label>
      </div>
      <label for="methodsFilter_FAIL" style="margin-left: 20px;">
         <input id="methodsFilter_FAIL" type="checkbox"
                onclick="testMethodsFilterChanged(this, 'FAIL')"
                checked=""></input>
         Failed
         
      </label>
      <label for="methodsFilter_PASS">
         <input id="methodsFilter_PASS" type="checkbox"
                onclick="testMethodsFilterChanged(this, 'PASS')"
                checked=""></input>
         Passed
         
      </label>
      <label for="methodsFilter_SKIP">
         <input id="methodsFilter_SKIP" type="checkbox"
                onclick="testMethodsFilterChanged(this, 'SKIP')"
                checked=""></input>
         Skipped
         
      </label>
      <label for="methodsFilter_CONF">
         <input id="methodsFilter_CONF" type="checkbox"
                onclick="testMethodsFilterChanged(this, 'CONF')"></input>
         Config
         
      </label>
      <br></br>
      <div id="testMethodsByStatus">
         <table class="testMethodsTable" cellpadding="0" cellspacing="0">
            <tr class="methodsTableHeader">
               <td width="100%">Name</td>
               <td nowrap="true">Started</td>
               <td nowrap="true">Duration</td>
               <td>Exception</td>
            </tr>
            <tr id="testngFiles.Vegetable_Demo_byStatus_failed_FAIL1_row"
                class="testMethodStatusFAIL">
               <td width="100%" class="firstMethodCell">
                  <a onclick="toggleDetailsVisibility('testngFiles.Vegetable_Demo_byStatus_failed_FAIL1_details')">Demo()</a>
               </td>
               <td nowrap="true">19:29:21</td>
               <td nowrap="true" align="right">3s
                  
               </td>
               <td nowrap="true">
                  <a onclick="toggleDetailsVisibility('testngFiles.Vegetable_Demo_byStatus_failed_FAIL1_exception')">org.openqa.selenium.WebDriverException: 
                     Unable to parse remote response: Uh oh, you've run out of minutes!
                     Please visit https://saucelabs.com/pricing to purchase a subscription.
                     
                  </a>
                   
                  
               </td>
            </tr>
            <tr>
               <td colspan="4" class="detailsBox">
                  <div id="testngFiles.Vegetable_Demo_byStatus_failed_FAIL1_details"
                       class="testMethodDetails">
                     <div>
                        <b>Name: </b>Demo
                     </div>
                     <div>
                        <b>Signature: </b>Demo()[pri:0, instance:testngFiles.Vegetable@63475ace]
                     </div>
                     <div>
                        <b>Start time: </b>19:29:21
                     </div>
                     <div>
                        <b>End time: </b>19:29:24
                     </div>
                     <div>
                        <b>Duration: </b>3s
                        
                     </div>
                  </div>
               </td>
            </tr>
            <tr>
               <td colspan="4" class="detailsBox">
                  <div id="testngFiles.Vegetable_Demo_byStatus_failed_FAIL1_exception"
                       class="testMethodDetails">
                     <pre style="padding: 5px; margin: 0;">org.openqa.selenium.WebDriverException: Unable to parse remote response: Uh oh, you've run out of minutes!
                        Please visit https://saucelabs.com/pricing to purchase a subscription.
                        	at org.openqa.selenium.remote.ProtocolHandshake.createSession(ProtocolHandshake.java:115)
                        	at org.openqa.selenium.remote.ProtocolHandshake.createSession(ProtocolHandshake.java:74)
                        	at org.openqa.selenium.remote.HttpCommandExecutor.execute(HttpCommandExecutor.java:136)
                        	at org.openqa.selenium.remote.RemoteWebDriver.execute(RemoteWebDriver.java:552)
                        	at org.openqa.selenium.remote.RemoteWebDriver.startSession(RemoteWebDriver.java:213)
                        	at org.openqa.selenium.remote.RemoteWebDriver.&lt;init&gt;(RemoteWebDriver.java:131)
                        	at org.openqa.selenium.remote.RemoteWebDriver.&lt;init&gt;(RemoteWebDriver.java:144)
                        	at testngFiles.Vegetable.Demo(Vegetable.java:31)
                        	at java.base/jdk.internal.reflect.NativeMethodAccessorImpl.invoke0(Native Method)
                        	at java.base/jdk.internal.reflect.NativeMethodAccessorImpl.invoke(NativeMethodAccessorImpl.java:62)
                        	at java.base/jdk.internal.reflect.DelegatingMethodAccessorImpl.invoke(DelegatingMethodAccessorImpl.java:43)
                        	at java.base/java.lang.reflect.Method.invoke(Method.java:564)
                        	at org.testng.internal.MethodInvocationHelper.invokeMethod(MethodInvocationHelper.java:80)
                        	at org.testng.internal.Invoker.invokeMethod(Invoker.java:715)
                        	at org.testng.internal.Invoker.invokeTestMethod(Invoker.java:907)
                        	at org.testng.internal.Invoker.invokeTestMethods(Invoker.java:1237)
                        	at org.testng.internal.TestMethodWorker.invokeTestMethods(TestMethodWorker.java:127)
                        	at org.testng.internal.TestMethodWorker.run(TestMethodWorker.java:111)
                        	at org.testng.TestRunner.privateRun(TestRunner.java:767)
                        	at org.testng.TestRunner.run(TestRunner.java:617)
                        	at org.testng.SuiteRunner.runTest(SuiteRunner.java:334)
                        	at org.testng.SuiteRunner.runSequentially(SuiteRunner.java:329)
                        	at org.testng.SuiteRunner.privateRun(SuiteRunner.java:291)
                        	at org.testng.SuiteRunner.run(SuiteRunner.java:240)
                        	at org.testng.SuiteRunnerWorker.runSuite(SuiteRunnerWorker.java:51)
                        	at org.testng.SuiteRunnerWorker.run(SuiteRunnerWorker.java:85)
                        	at org.testng.TestNG.runSuitesSequentially(TestNG.java:1197)
                        	at org.testng.TestNG.runSuitesLocally(TestNG.java:1122)
                        	at org.testng.TestNG.run(TestNG.java:1030)
                        	at org.testng.TestNG.privateMain(TestNG.java:1337)
                        	at org.testng.TestNG.main(TestNG.java:1306)
                        Caused by: org.openqa.selenium.json.JsonException: Unable to determine type from: U. Last 1 characters read: U
                        Build info: version: '3.141.59', revision: 'e82be7d358', time: '2018-11-14T08:25:53'
                        System info: host: 'R01-CE62302732', ip: '192.168.1.5', os.name: 'Windows 10', os.arch: 'amd64', os.version: '10.0', java.version:
                        '14.0.1'
                        Driver info: driver.version: RemoteWebDriver
                        	at org.openqa.selenium.json.JsonInput.peek(JsonInput.java:122)
                        	at org.openqa.selenium.json.JsonTypeCoercer.lambda$null$6(JsonTypeCoercer.java:140)
                        	at org.openqa.selenium.json.JsonTypeCoercer.coerce(JsonTypeCoercer.java:126)
                        	at org.openqa.selenium.json.Json.toType(Json.java:69)
                        	at org.openqa.selenium.json.Json.toType(Json.java:55)
                        	at org.openqa.selenium.json.Json.toType(Json.java:50)
                        	at org.openqa.selenium.remote.ProtocolHandshake.createSession(ProtocolHandshake.java:112)
                        	... 30 more
                     </pre>
                  </div>
               </td>
            </tr>
            <tr id="testngFiles.demo_test_byStatus_passed_PASS1_row"
                class="testMethodStatusPASS">
               <td width="100%" class="firstMethodCell">
                  <a onclick="toggleDetailsVisibility('testngFiles.demo_test_byStatus_passed_PASS1_details')">test()</a>
               </td>
               <td nowrap="true">19:29:21</td>
               <td nowrap="true" align="right">29 ms
                  
               </td>
               <td nowrap="true">
                   
                  
               </td>
            </tr>
            <tr>
               <td colspan="4" class="detailsBox">
                  <div id="testngFiles.demo_test_byStatus_passed_PASS1_details"
                       class="testMethodDetails">
                     <div>
                        <b>Name: </b>test
                     </div>
                     <div>
                        <b>Signature: </b>test()[pri:0, instance:testngFiles.demo@79d8407f]
                     </div>
                     <div>
                        <b>Start time: </b>19:29:21
                     </div>
                     <div>
                        <b>End time: </b>19:29:21
                     </div>
                     <div>
                        <b>Duration: </b>29 ms
                        
                     </div>
                  </div>
               </td>
            </tr>
            <tr></tr>
         </table>
      </div>
      <div id="testMethodsByClass" style="display: none;">
         <table class="testMethodsTable" cellpadding="0" cellspacing="0">
            <tr>
               <td colspan="4">
                  <h3 style="display: inline;">testngFiles.demo</h3>
               </td>
            </tr>
            <tr class="methodsTableHeader">
               <td width="100%">Name</td>
               <td nowrap="true">Started</td>
               <td nowrap="true">Duration</td>
               <td>Exception</td>
            </tr>
            <tr id="testngFiles.demo_test_byClass_PASS1_row" class="testMethodStatusPASS">
               <td width="100%" class="firstMethodCell">
                  <a onclick="toggleDetailsVisibility('testngFiles.demo_test_byClass_PASS1_details')">test()</a>
               </td>
               <td nowrap="true">19:29:21</td>
               <td nowrap="true" align="right">29 ms
                  
               </td>
               <td nowrap="true">
                   
                  
               </td>
            </tr>
            <tr>
               <td colspan="4" class="detailsBox">
                  <div id="testngFiles.demo_test_byClass_PASS1_details" class="testMethodDetails">
                     <div>
                        <b>Name: </b>test
                     </div>
                     <div>
                        <b>Signature: </b>test()[pri:0, instance:testngFiles.demo@79d8407f]
                     </div>
                     <div>
                        <b>Start time: </b>19:29:21
                     </div>
                     <div>
                        <b>End time: </b>19:29:21
                     </div>
                     <div>
                        <b>Duration: </b>29 ms
                        
                     </div>
                  </div>
               </td>
            </tr>
            <tr></tr>
         </table>
         <br></br>
         <table class="testMethodsTable" cellpadding="0" cellspacing="0">
            <tr>
               <td colspan="4">
                  <h3 style="display: inline;">testngFiles.Vegetable</h3>
               </td>
            </tr>
            <tr class="methodsTableHeader">
               <td width="100%">Name</td>
               <td nowrap="true">Started</td>
               <td nowrap="true">Duration</td>
               <td>Exception</td>
            </tr>
            <tr id="testngFiles.Vegetable_Demo_byClass_FAIL1_row" class="testMethodStatusFAIL">
               <td width="100%" class="firstMethodCell">
                  <a onclick="toggleDetailsVisibility('testngFiles.Vegetable_Demo_byClass_FAIL1_details')">Demo()</a>
               </td>
               <td nowrap="true">19:29:21</td>
               <td nowrap="true" align="right">3s
                  
               </td>
               <td nowrap="true">
                  <a onclick="toggleDetailsVisibility('testngFiles.Vegetable_Demo_byClass_FAIL1_exception')">org.openqa.selenium.WebDriverException: 
                     Unable to parse remote response: Uh oh, you've run out of minutes!
                     Please visit https://saucelabs.com/pricing to purchase a subscription.
                     
                  </a>
                   
                  
               </td>
            </tr>
            <tr>
               <td colspan="4" class="detailsBox">
                  <div id="testngFiles.Vegetable_Demo_byClass_FAIL1_details" class="testMethodDetails">
                     <div>
                        <b>Name: </b>Demo
                     </div>
                     <div>
                        <b>Signature: </b>Demo()[pri:0, instance:testngFiles.Vegetable@63475ace]
                     </div>
                     <div>
                        <b>Start time: </b>19:29:21
                     </div>
                     <div>
                        <b>End time: </b>19:29:24
                     </div>
                     <div>
                        <b>Duration: </b>3s
                        
                     </div>
                  </div>
               </td>
            </tr>
            <tr>
               <td colspan="4" class="detailsBox">
                  <div id="testngFiles.Vegetable_Demo_byClass_FAIL1_exception"
                       class="testMethodDetails">
                     <pre style="padding: 5px; margin: 0;">org.openqa.selenium.WebDriverException: Unable to parse remote response: Uh oh, you've run out of minutes!
                        Please visit https://saucelabs.com/pricing to purchase a subscription.
                        	at org.openqa.selenium.remote.ProtocolHandshake.createSession(ProtocolHandshake.java:115)
                        	at org.openqa.selenium.remote.ProtocolHandshake.createSession(ProtocolHandshake.java:74)
                        	at org.openqa.selenium.remote.HttpCommandExecutor.execute(HttpCommandExecutor.java:136)
                        	at org.openqa.selenium.remote.RemoteWebDriver.execute(RemoteWebDriver.java:552)
                        	at org.openqa.selenium.remote.RemoteWebDriver.startSession(RemoteWebDriver.java:213)
                        	at org.openqa.selenium.remote.RemoteWebDriver.&lt;init&gt;(RemoteWebDriver.java:131)
                        	at org.openqa.selenium.remote.RemoteWebDriver.&lt;init&gt;(RemoteWebDriver.java:144)
                        	at testngFiles.Vegetable.Demo(Vegetable.java:31)
                        	at java.base/jdk.internal.reflect.NativeMethodAccessorImpl.invoke0(Native Method)
                        	at java.base/jdk.internal.reflect.NativeMethodAccessorImpl.invoke(NativeMethodAccessorImpl.java:62)
                        	at java.base/jdk.internal.reflect.DelegatingMethodAccessorImpl.invoke(DelegatingMethodAccessorImpl.java:43)
                        	at java.base/java.lang.reflect.Method.invoke(Method.java:564)
                        	at org.testng.internal.MethodInvocationHelper.invokeMethod(MethodInvocationHelper.java:80)
                        	at org.testng.internal.Invoker.invokeMethod(Invoker.java:715)
                        	at org.testng.internal.Invoker.invokeTestMethod(Invoker.java:907)
                        	at org.testng.internal.Invoker.invokeTestMethods(Invoker.java:1237)
                        	at org.testng.internal.TestMethodWorker.invokeTestMethods(TestMethodWorker.java:127)
                        	at org.testng.internal.TestMethodWorker.run(TestMethodWorker.java:111)
                        	at org.testng.TestRunner.privateRun(TestRunner.java:767)
                        	at org.testng.TestRunner.run(TestRunner.java:617)
                        	at org.testng.SuiteRunner.runTest(SuiteRunner.java:334)
                        	at org.testng.SuiteRunner.runSequentially(SuiteRunner.java:329)
                        	at org.testng.SuiteRunner.privateRun(SuiteRunner.java:291)
                        	at org.testng.SuiteRunner.run(SuiteRunner.java:240)
                        	at org.testng.SuiteRunnerWorker.runSuite(SuiteRunnerWorker.java:51)
                        	at org.testng.SuiteRunnerWorker.run(SuiteRunnerWorker.java:85)
                        	at org.testng.TestNG.runSuitesSequentially(TestNG.java:1197)
                        	at org.testng.TestNG.runSuitesLocally(TestNG.java:1122)
                        	at org.testng.TestNG.run(TestNG.java:1030)
                        	at org.testng.TestNG.privateMain(TestNG.java:1337)
                        	at org.testng.TestNG.main(TestNG.java:1306)
                        Caused by: org.openqa.selenium.json.JsonException: Unable to determine type from: U. Last 1 characters read: U
                        Build info: version: '3.141.59', revision: 'e82be7d358', time: '2018-11-14T08:25:53'
                        System info: host: 'R01-CE62302732', ip: '192.168.1.5', os.name: 'Windows 10', os.arch: 'amd64', os.version: '10.0', java.version:
                        '14.0.1'
                        Driver info: driver.version: RemoteWebDriver
                        	at org.openqa.selenium.json.JsonInput.peek(JsonInput.java:122)
                        	at org.openqa.selenium.json.JsonTypeCoercer.lambda$null$6(JsonTypeCoercer.java:140)
                        	at org.openqa.selenium.json.JsonTypeCoercer.coerce(JsonTypeCoercer.java:126)
                        	at org.openqa.selenium.json.Json.toType(Json.java:69)
                        	at org.openqa.selenium.json.Json.toType(Json.java:55)
                        	at org.openqa.selenium.json.Json.toType(Json.java:50)
                        	at org.openqa.selenium.remote.ProtocolHandshake.createSession(ProtocolHandshake.java:112)
                        	... 30 more
                     </pre>
                  </div>
               </td>
            </tr>
         </table>
         <br></br>
      </div>
      <div style="margin-top: 15px; color: gray; text-align: center; font-size: 9px;">
         Generated with
         
         <a href="http://code.google.com/p/testng-xslt/" style="color: #8888aa;"
            target="_blank">
            TestNG XSLT
            
         </a>
      </div>
   </body>
</html>