<?xml version="1.0" encoding="UTF-8"?>
<!-- Generated by org.testng.reporters.JUnitXMLReporter -->
<testsuite ignored="1" hostname="R01-CE62302732" failures="0" tests="3" name="login" time="0.147" errors="0" timestamp="2020-05-08T12:05:09 IST">
  <testcase classname="test.Class3" name="Webcarlogin" time="0.01"/>
  <testcase classname="test.Class3" name="login" time="0.009"/>
  <testcase classname="test.Class3" name="Apicarlogin" time="0.007"/>
  <testcase classname="test.Class3" name="Mobilebcarlogin" time="0.0">
    <ignored/>
  </testcase> <!-- Mobilebcarlogin -->
</testsuite> <!-- login -->
