<?xml version="1.0" encoding="UTF-8"?>
<!-- Generated by org.testng.reporters.JUnitXMLReporter -->
<testsuite ignored="7" hostname="R01-CE62302732" failures="0" tests="3" name="test" time="0.074" errors="0" timestamp="2020-05-03T22:50:51 IST">
  <testcase classname="test.Class1" name="Demo" time="0.009"/>
  <testcase classname="test.Class4" name="Webloanlogin" time="0.002"/>
  <testcase classname="test.Class3" name="Webcarlogin" time="0.003"/>
  <testcase classname="test.Class1" name="prerequiste" time="0.0">
    <ignored/>
  </testcase> <!-- prerequiste -->
  <testcase classname="test.Class2" name="Demo" time="0.0">
    <ignored/>
  </testcase> <!-- Demo -->
  <testcase classname="test.Class3" name="Mobilebcarlogin" time="0.0">
    <ignored/>
  </testcase> <!-- Mobilebcarlogin -->
  <testcase classname="test.Class3" name="login" time="0.0">
    <ignored/>
  </testcase> <!-- login -->
  <testcase classname="test.Class3" name="Apicarlogin" time="0.0">
    <ignored/>
  </testcase> <!-- Apicarlogin -->
  <testcase classname="test.Class4" name="Apialoanlogin" time="0.0">
    <ignored/>
  </testcase> <!-- Apialoanlogin -->
  <testcase classname="test.Class4" name="Mobileloanlogin" time="0.0">
    <ignored/>
  </testcase> <!-- Mobileloanlogin -->
</testsuite> <!-- test -->
