<?xml version="1.0" encoding="UTF-8"?>
<testng-results ignored="0" total="2" passed="2" failed="0" skipped="0">
  <reporter-output>
  </reporter-output>
  <suite started-at="2020-05-21T19:25:29 IST" name="Default suite" finished-at="2020-05-21T19:26:46 IST" duration-ms="77867">
    <groups>
    </groups>
    <test started-at="2020-05-21T19:25:29 IST" name="Default test" finished-at="2020-05-21T19:26:46 IST" duration-ms="77867">
      <class name="Academy.HomePage">
        <test-method is-config="true" signature="InvokeDriver()[pri:0, instance:Academy.HomePage@12e61fe6]" started-at="2020-05-21T19:25:29 IST" name="InvokeDriver" finished-at="2020-05-21T19:25:38 IST" duration-ms="9567" status="PASS">
          <reporter-output>
          </reporter-output>
        </test-method> <!-- InvokeDriver -->
        <test-method signature="basePageNavigation(java.lang.String, java.lang.String)[pri:0, instance:Academy.HomePage@12e61fe6]" started-at="2020-05-21T19:25:38 IST" name="basePageNavigation" data-provider="getData" finished-at="2020-05-21T19:26:21 IST" duration-ms="42472" status="PASS">
          <params>
            <param index="0">
              <value>
                <![CDATA[nonrestricteduser@gmail.com]]>
              </value>
            </param>
            <param index="1">
              <value>
                <![CDATA[123456]]>
              </value>
            </param>
          </params>
          <reporter-output>
          </reporter-output>
        </test-method> <!-- basePageNavigation -->
        <test-method signature="basePageNavigation(java.lang.String, java.lang.String)[pri:0, instance:Academy.HomePage@12e61fe6]" started-at="2020-05-21T19:26:21 IST" name="basePageNavigation" data-provider="getData" finished-at="2020-05-21T19:26:45 IST" duration-ms="23864" status="PASS">
          <params>
            <param index="0">
              <value>
                <![CDATA[restricteduser@gmail.com]]>
              </value>
            </param>
            <param index="1">
              <value>
                <![CDATA[45678]]>
              </value>
            </param>
          </params>
          <reporter-output>
          </reporter-output>
        </test-method> <!-- basePageNavigation -->
        <test-method is-config="true" signature="teardown()[pri:0, instance:Academy.HomePage@12e61fe6]" started-at="2020-05-21T19:26:45 IST" name="teardown" finished-at="2020-05-21T19:26:46 IST" duration-ms="1835" status="PASS">
          <reporter-output>
          </reporter-output>
        </test-method> <!-- teardown -->
      </class> <!-- Academy.HomePage -->
    </test> <!-- Default test -->
  </suite> <!-- Default suite -->
</testng-results>
