<?xml version="1.0" encoding="UTF-8"?>
<!-- Generated by org.testng.reporters.JUnitXMLReporter -->
<testsuite ignored="0" hostname="R01-CE62302732" failures="0" tests="6" name="Test" time="26.463" errors="0" timestamp="2020-05-07T12:27:58 IST">
  <testcase classname="qaclickacademy.AppiumTest" name="iosapp" time="0.001"/>
  <testcase classname="qaclickacademy.AppiumTest" name="nativeapp" time="0.0"/>
  <testcase classname="qaclickacademy.SeleniumTest" name="Demo" time="26.191"/>
  <testcase classname="qaclickacademy.SeleniumTest" name="element" time="0.001"/>
  <testcase classname="qaclickacademy.RestapiTest" name="deleteTwitter" time="0.002"/>
  <testcase classname="qaclickacademy.RestapiTest" name="postJira" time="0.0"/>
</testsuite> <!-- Test -->
