<?xml version="1.0" encoding="UTF-8"?>
<!-- Generated by org.testng.reporters.JUnitXMLReporter -->
<testsuite hostname="LAPTOP-M6F29H3O" ignored="0" name="Validating NavigationBar" tests="2" failures="1" timestamp="06 Apr 2020 06:09:51 GMT" time="6.91" errors="0">
  <testcase name="@BeforeTest initialize" time="6.283" classname="Academy.validateNavigationBar">
    <failure type="java.lang.NullPointerException" message="null value in entry: url=null">
      <![CDATA[java.lang.NullPointerException: null value in entry: url=null
at com.google.common.collect.CollectPreconditions.checkEntryNotNull(CollectPreconditions.java:32)
at com.google.common.collect.SingletonImmutableBiMap.<init>(SingletonImmutableBiMap.java:42)
at com.google.common.collect.ImmutableBiMap.of(ImmutableBiMap.java:72)
at com.google.common.collect.ImmutableMap.of(ImmutableMap.java:124)
at org.openqa.selenium.remote.RemoteWebDriver.get(RemoteWebDriver.java:277)
at Academy.validateNavigationBar.initialize(validateNavigationBar.java:21)
... Removed 24 stack frames]]>
    </failure>
  </testcase> <!-- @BeforeTest initialize -->
  <testcase name="@AfterTest teardown" time="0.0" classname="Academy.validateNavigationBar">
    <skipped/>
  </testcase> <!-- @AfterTest teardown -->
  <testcase name="validateAppNavBar" time="0.0" classname="Academy.validateNavigationBar">
    <skipped/>
  </testcase> <!-- validateAppNavBar -->
  <testcase name="validateAppNavBar" time="0.019" classname="Academy.validateNavigationBar">
    <failure type="java.lang.NullPointerException">
      <![CDATA[java.lang.NullPointerException
at Academy.ExtentReportsListeners.onTestSkipped(ExtentReportsListeners.java:36)
... Removed 23 stack frames]]>
    </failure>
  </testcase> <!-- validateAppNavBar -->
</testsuite> <!-- Validating NavigationBar -->
