<?xml version="1.0" encoding="UTF-8"?>
<!-- Generated by org.testng.reporters.JUnitXMLReporter -->
<testsuite ignored="0" hostname="R01-CE62302732" failures="0" tests="5" name="Default test" time="0.128" errors="0" timestamp="2020-05-04T11:50:56 IST">
  <testcase classname="test.Class4" name="Apialoanlogin" time="0.019"/>
  <testcase classname="test.Class4" name="Apialoanlogin" time="0.006"/>
  <testcase classname="test.Class4" name="Apialoanlogin" time="0.006"/>
  <testcase classname="test.Class4" name="Mobileloanlogin" time="0.005"/>
  <testcase classname="test.Class4" name="Webloanlogin" time="0.004"/>
</testsuite> <!-- Default test -->
