<?xml version="1.0" encoding="UTF-8"?>
<testng-results ignored="0" total="6" passed="6" failed="0" skipped="0">
  <reporter-output>
  </reporter-output>
  <suite started-at="2020-05-29T12:35:59 IST" name="Suite" finished-at="2020-05-29T12:36:47 IST" duration-ms="47931">
    <groups>
    </groups>
    <test started-at="2020-05-29T12:35:59 IST" name="Test" finished-at="2020-05-29T12:36:47 IST" duration-ms="47931">
      <class name="qaclickacademy.AppiumTest">
        <test-method signature="iosapp()[pri:0, instance:qaclickacademy.AppiumTest@3aefe5e5]" started-at="2020-05-29T12:36:00 IST" name="iosapp" finished-at="2020-05-29T12:36:00 IST" duration-ms="14" status="PASS">
          <reporter-output>
          </reporter-output>
        </test-method> <!-- iosapp -->
        <test-method signature="nativeapp()[pri:0, instance:qaclickacademy.AppiumTest@3aefe5e5]" started-at="2020-05-29T12:36:00 IST" name="nativeapp" finished-at="2020-05-29T12:36:00 IST" duration-ms="6" status="PASS">
          <reporter-output>
          </reporter-output>
        </test-method> <!-- nativeapp -->
      </class> <!-- qaclickacademy.AppiumTest -->
      <class name="qaclickacademy.RestapiTest">
        <test-method signature="deleteTwitter()[pri:0, instance:qaclickacademy.RestapiTest@149e0f5d]" started-at="2020-05-29T12:36:47 IST" name="deleteTwitter" finished-at="2020-05-29T12:36:47 IST" duration-ms="9" status="PASS">
          <reporter-output>
          </reporter-output>
        </test-method> <!-- deleteTwitter -->
        <test-method signature="postJira()[pri:0, instance:qaclickacademy.RestapiTest@149e0f5d]" started-at="2020-05-29T12:36:47 IST" name="postJira" finished-at="2020-05-29T12:36:47 IST" duration-ms="11" status="PASS">
          <reporter-output>
          </reporter-output>
        </test-method> <!-- postJira -->
      </class> <!-- qaclickacademy.RestapiTest -->
      <class name="qaclickacademy.SeleniumTest">
        <test-method is-config="true" signature="config()[pri:0, instance:qaclickacademy.SeleniumTest@1184ab05]" started-at="2020-05-29T12:35:59 IST" name="config" finished-at="2020-05-29T12:36:00 IST" duration-ms="724" status="PASS">
          <reporter-output>
          </reporter-output>
        </test-method> <!-- config -->
        <test-method signature="Demo()[pri:0, instance:qaclickacademy.SeleniumTest@1184ab05]" started-at="2020-05-29T12:36:00 IST" name="Demo" finished-at="2020-05-29T12:36:47 IST" duration-ms="46957" status="PASS">
          <reporter-output>
          </reporter-output>
        </test-method> <!-- Demo -->
        <test-method signature="element()[pri:0, instance:qaclickacademy.SeleniumTest@1184ab05]" started-at="2020-05-29T12:36:47 IST" name="element" finished-at="2020-05-29T12:36:47 IST" duration-ms="6" status="PASS">
          <reporter-output>
          </reporter-output>
        </test-method> <!-- element -->
      </class> <!-- qaclickacademy.SeleniumTest -->
    </test> <!-- Test -->
  </suite> <!-- Suite -->
</testng-results>
