<?xml version="1.0" encoding="UTF-8"?>
<!-- Generated by org.testng.reporters.JUnitXMLReporter -->
<testsuite ignored="0" hostname="R01-CE62302732" failures="1" tests="3" name="Validation" time="27.27" errors="0" timestamp="2020-07-22T20:55:59 IST">
  <testcase classname="Academy.ValidationNavigationHeader" name="Header" time="0.473">
    <failure type="java.lang.AssertionError" message="expected [The academy is l by Rahul Shetty, a Test evangelist and Test architect with over 10+ years in the IT industry.] but found [The academy is led by Rahul Shetty, a Test evangelist and Test architect with over 10+ years in the IT industry.]">
      <![CDATA[java.lang.AssertionError: expected [The academy is l by Rahul Shetty, a Test evangelist and Test architect with over 10+ years in the IT industry.] but found [The academy is led by Rahul Shetty, a Test evangelist and Test architect with over 10+ years in the IT industry.]
at Academy.ValidationNavigationHeader.Header(ValidationNavigationHeader.java:77)
at java.base/java.util.ArrayList.forEach(ArrayList.java:1510)
at java.base/java.util.concurrent.FutureTask.run(FutureTask.java:264)
at java.base/java.util.concurrent.ThreadPoolExecutor.runWorker(ThreadPoolExecutor.java:1130)
at java.base/java.util.concurrent.ThreadPoolExecutor$Worker.run(ThreadPoolExecutor.java:630)
at java.base/java.lang.Thread.run(Thread.java:832)
... Removed 23 stack frames]]>
    </failure>
  </testcase> <!-- Header -->
  <testcase classname="Academy.ValidationNavigationHeader" name="Nav" time="0.071"/>
  <testcase classname="Academy.ValidationNavigationHeader" name="stringMatch" time="0.101"/>
</testsuite> <!-- Validation -->
