<?xml version="1.0" encoding="UTF-8"?>
<!-- Generated by org.testng.reporters.JUnitXMLReporter -->
<testsuite ignored="0" hostname="R01-CE62302732" failures="0" tests="6" name="Test" time="47.931" errors="0" timestamp="2020-05-29T12:36:47 IST">
  <testcase classname="qaclickacademy.AppiumTest" name="iosapp" time="0.014"/>
  <testcase classname="qaclickacademy.AppiumTest" name="nativeapp" time="0.006"/>
  <testcase classname="qaclickacademy.SeleniumTest" name="Demo" time="46.957"/>
  <testcase classname="qaclickacademy.SeleniumTest" name="element" time="0.006"/>
  <testcase classname="qaclickacademy.RestapiTest" name="deleteTwitter" time="0.009"/>
  <testcase classname="qaclickacademy.RestapiTest" name="postJira" time="0.011"/>
</testsuite> <!-- Test -->
